<?xml version="1.0" encoding="UTF-8" ?>
<testsuite name="TestCafe Tests: Firefox 63.0.0 / Windows 10.0.0, Chrome 70.0.3538 / Windows 10.0.0, IE 11.0.0 / Windows 10.0.0, Edge 17.17134.0 / Windows 10.0.0" tests="3" failures="3" skipped="0" errors="3" time="8.954" timestamp="Mon, 12 Nov 2018 20:59:35 GMT" >
  <testcase classname="Getting Started" name="My first test (screenshots: C:\Users\Armando\WebStormProjects\TestCafeProject\reports\screenshots\2018-11-12_14-59-26\test-1\Chrome_70.0.3538_Windows_10.0.0\errors\1.png)" time="3.522">
    <failure>
    <![CDATA[
      1) Error on page "http://devexpress.github.io/testcafe/example/":

         SyntaxError: Unexpected token )
             at parse (http://10.0.75.1:57990/hammerhead.js:1:22223)
             at Function.t._getMessageData (http://10.0.75.1:57990/hammerhead.js:3:28509)
             at t._onMessage (http://10.0.75.1:57990/hammerhead.js:3:28559)
             at n (http://10.0.75.1:57990/hammerhead.js:10:13851)
             at n (http://10.0.75.1:57990/hammerhead.js:3:29869)
             at http://10.0.75.1:57990/hammerhead.js:3:21621

         Browser: Chrome 70.0.3538 / Windows 10.0.0
         Screenshot:
      C:\Users\Armando\WebStormProjects\TestCafeProject\reports\screenshots\2018-11-12_14-59-26\test-1\Chrome_70.0.3538_Windows_10.0.0\errors\1.png

             3 |
             4 |fixture `Getting Started`
             5 |    .page `http://devexpress.github.io/testcafe/example`;
             6 |test('My first test', async t => {
             7 |    await t
          >  8 |        .typeText('#developer-name', 'John Smith')
             9 |        .click('#submit-button')
            10 |
            11 |       await t.expect(Selector('#article-header').innerText).eql('Thank you, John
      Smith!');
            12 |});

            at typeText (C:\Users\Armando\WebStormProjects\TestCafeProject\tests\basePage.js:8:10)
            at test (C:\Users\Armando\WebStormProjects\TestCafeProject\tests\basePage.js:6:1)
            at markeredfn
      (C:\Users\Armando\AppData\Roaming\npm\node_modules\testcafe\src\api\wrap-test-function.js:17:28)
            at <anonymous>
      (C:\Users\Armando\AppData\Roaming\npm\node_modules\testcafe\src\api\wrap-test-function.js:7:5)
            at fn
      (C:\Users\Armando\AppData\Roaming\npm\node_modules\testcafe\src\test-run\index.js:239:19)
            at TestRun._executeTestFn
      (C:\Users\Armando\AppData\Roaming\npm\node_modules\testcafe\src\test-run\index.js:235:38)
            at _executeTestFn
      (C:\Users\Armando\AppData\Roaming\npm\node_modules\testcafe\src\test-run\index.js:284:24)

      2) Error on page "http://devexpress.github.io/testcafe/example/":

         Script error.:
             No stack trace available

         Browser: Chrome 70.0.3538 / Windows 10.0.0
    ]]>
    </failure>
  </testcase>
  <testcase classname="Getting Started" name="My first test (screenshots: C:\Users\Armando\WebStormProjects\TestCafeProject\reports\screenshots\2018-11-12_14-59-26\test-2\Chrome_70.0.3538_Windows_10.0.0\errors\1.png)" time="2.844">
    <failure>
    <![CDATA[
      1) Error on page "http://devexpress.github.io/testcafe/example/":

         SyntaxError: Unexpected token )
             at parse (http://10.0.75.1:57990/hammerhead.js:1:22223)
             at Function.t._getMessageData (http://10.0.75.1:57990/hammerhead.js:3:28509)
             at t._onMessage (http://10.0.75.1:57990/hammerhead.js:3:28559)
             at n (http://10.0.75.1:57990/hammerhead.js:10:13851)
             at n (http://10.0.75.1:57990/hammerhead.js:3:29869)
             at http://10.0.75.1:57990/hammerhead.js:3:21621

         Browser: Chrome 70.0.3538 / Windows 10.0.0
         Screenshot:
      C:\Users\Armando\WebStormProjects\TestCafeProject\reports\screenshots\2018-11-12_14-59-26\test-2\Chrome_70.0.3538_Windows_10.0.0\errors\1.png

            11 |    //     .click('#submit-button')
            12 |    // };
            13 |
            14 |   async typeAndClick(username){
            15 |        await t
          > 16 |        .typeText(this.submitButton, username)
            17 |        .click(this.name);
            18 |    }
            19 |
            20 |}
            21 |

            at typeText
      (C:\Users\Armando\WebStormProjects\TestCafeProject\tests\secondPage.js:16:10)
            at SignIn.typeAndClick
      (C:\Users\Armando\WebStormProjects\TestCafeProject\tests\secondPage.js:14:32)
            at typeAndClick
      (C:\Users\Armando\WebStormProjects\TestCafeProject\tests\firstTest.js:13:18)
            at test (C:\Users\Armando\WebStormProjects\TestCafeProject\tests\firstTest.js:9:1)
            at markeredfn
      (C:\Users\Armando\AppData\Roaming\npm\node_modules\testcafe\src\api\wrap-test-function.js:17:28)
            at <anonymous>
      (C:\Users\Armando\AppData\Roaming\npm\node_modules\testcafe\src\api\wrap-test-function.js:7:5)
            at fn
      (C:\Users\Armando\AppData\Roaming\npm\node_modules\testcafe\src\test-run\index.js:239:19)
            at TestRun._executeTestFn
      (C:\Users\Armando\AppData\Roaming\npm\node_modules\testcafe\src\test-run\index.js:235:38)
            at _executeTestFn
      (C:\Users\Armando\AppData\Roaming\npm\node_modules\testcafe\src\test-run\index.js:284:24)

      2) Error on page "http://devexpress.github.io/testcafe/example/":

         Script error.:
             No stack trace available

         Browser: Chrome 70.0.3538 / Windows 10.0.0
    ]]>
    </failure>
  </testcase>
  <testcase classname="Getting Started" name="My second test (screenshots: C:\Users\Armando\WebStormProjects\TestCafeProject\reports\screenshots\2018-11-12_14-59-26\test-3)" time="4.973">
    <failure>
    <![CDATA[
      1) Error on page "http://devexpress.github.io/testcafe/example/":

         SyntaxError: Unexpected token )
             at parse (http://10.0.75.1:57990/hammerhead.js:1:22223)
             at Function.t._getMessageData (http://10.0.75.1:57990/hammerhead.js:3:28509)
             at t._onMessage (http://10.0.75.1:57990/hammerhead.js:3:28559)
             at n (http://10.0.75.1:57990/hammerhead.js:10:13851)
             at n (http://10.0.75.1:57990/hammerhead.js:3:29869)
             at http://10.0.75.1:57990/hammerhead.js:3:21621

         Browser: Chrome 70.0.3538 / Windows 10.0.0
         Screenshot:
      C:\Users\Armando\WebStormProjects\TestCafeProject\reports\screenshots\2018-11-12_14-59-26\test-3\Chrome_70.0.3538_Windows_10.0.0\errors\1.png

            11 |    //     .click('#submit-button')
            12 |    // };
            13 |
            14 |   async typeAndClick(username){
            15 |        await t
          > 16 |        .typeText(this.submitButton, username)
            17 |        .click(this.name);
            18 |    }
            19 |
            20 |}
            21 |

            at typeText
      (C:\Users\Armando\WebStormProjects\TestCafeProject\tests\secondPage.js:16:10)
            at SignIn.typeAndClick
      (C:\Users\Armando\WebStormProjects\TestCafeProject\tests\secondPage.js:14:32)
            at typeAndClick
      (C:\Users\Armando\WebStormProjects\TestCafeProject\tests\secondTest.js:13:20)
            at test (C:\Users\Armando\WebStormProjects\TestCafeProject\tests\secondTest.js:9:1)
            at markeredfn
      (C:\Users\Armando\AppData\Roaming\npm\node_modules\testcafe\src\api\wrap-test-function.js:17:28)
            at <anonymous>
      (C:\Users\Armando\AppData\Roaming\npm\node_modules\testcafe\src\api\wrap-test-function.js:7:5)
            at fn
      (C:\Users\Armando\AppData\Roaming\npm\node_modules\testcafe\src\test-run\index.js:239:19)
            at TestRun._executeTestFn
      (C:\Users\Armando\AppData\Roaming\npm\node_modules\testcafe\src\test-run\index.js:235:38)
            at _executeTestFn
      (C:\Users\Armando\AppData\Roaming\npm\node_modules\testcafe\src\test-run\index.js:284:24)

      2) Error on page "http://devexpress.github.io/testcafe/example/":

         Script error.:
             No stack trace available

         Browser: Chrome 70.0.3538 / Windows 10.0.0

      3) AssertionError: expected true to deeply equal false

         Browser: Edge 17.17134.0 / Windows 10.0.0

             9 |test('My second test', async t => {
            10 |    // Test codenpm
            11 |
            12 |
            13 |    await namePage.typeAndClick('John Adams');
          > 14 |    await t.expect(true).eql(false);
            15 |});
            16 |
            17 |

            at eql (C:\Users\Armando\WebStormProjects\TestCafeProject\tests\secondTest.js:14:26)

      4) AssertionError: expected true to deeply equal false

         Browser: Firefox 63.0.0 / Windows 10.0.0
         Screenshot:
      C:\Users\Armando\WebStormProjects\TestCafeProject\reports\screenshots\2018-11-12_14-59-26\test-3\Firefox_63.0.0_Windows_10.0.0\errors\1.png

             9 |test('My second test', async t => {
            10 |    // Test codenpm
            11 |
            12 |
            13 |    await namePage.typeAndClick('John Adams');
          > 14 |    await t.expect(true).eql(false);
            15 |});
            16 |
            17 |

            at eql (C:\Users\Armando\WebStormProjects\TestCafeProject\tests\secondTest.js:14:26)

      5) AssertionError: expected true to deeply equal false

         Browser: IE 11.0.0 / Windows 10.0.0
         Screenshot:
      C:\Users\Armando\WebStormProjects\TestCafeProject\reports\screenshots\2018-11-12_14-59-26\test-3\IE_11.0.0_Windows_10.0.0\errors\1.png

             9 |test('My second test', async t => {
            10 |    // Test codenpm
            11 |
            12 |
            13 |    await namePage.typeAndClick('John Adams');
          > 14 |    await t.expect(true).eql(false);
            15 |});
            16 |
            17 |

            at eql (C:\Users\Armando\WebStormProjects\TestCafeProject\tests\secondTest.js:14:26)
    ]]>
    </failure>
  </testcase>
  <system-out>
  <![CDATA[
    Warnings (1):
    --
      Was unable to take a screenshot due to an error.

      Error: Unable to locate the page area in the browser window screenshot at
      C:\Users\Armando\WebStormProjects\TestCafeProject\reports\screenshots\2018-11-12_14-59-26\test-3\Edge_17.17134.0_Windows_10.0.0\errors\1.png,
      because the page area mark with ID 2501263796 is not found in the screenshot.
          at detectClippingArea
      (C:\Users\Armando\AppData\Roaming\npm\node_modules\testcafe\src\screenshots\crop.js:61:19)
          at detectClippingArea
      (C:\Users\Armando\AppData\Roaming\npm\node_modules\testcafe\src\screenshots\crop.js:112:26)
          at Generator.next (<anonymous>)
          at step
      (C:\Users\Armando\AppData\Roaming\npm\node_modules\testcafe\node_modules\babel-runtime\helpers\asyncToGenerator.js:17:30)
          at
      C:\Users\Armando\AppData\Roaming\npm\node_modules\testcafe\node_modules\babel-runtime\helpers\asyncToGenerator.js:28:13
  ]]>
  </system-out>
</testsuite>